resource "proxmox_vm_qemu" "node02" {
  name              = "node02"
  vmid              = 942
  target_node       = "hermes"

  clone             = "temp-rke-base"

  agent             = 1

  os_type           = "cloud-init"
  cores             = 2
  sockets           = 1
  cpu               = "kvm64"
  memory            = 6656
  scsihw            = "virtio-scsi-pci"
  bootdisk          = "scsi0"

  disk {
    id              = 0
    size            = 16
    type            = "scsi"
    storage         = "cephrbd"
    storage_type    = "rbd"
    iothread        = true
  }

  network {
    id              = 0
    model           = "virtio"
    bridge          = "vmbr0"
  }

  lifecycle {
    ignore_changes  = [
      network,
    ]
  }

  # Cloud Init Settings
  ipconfig0         = "ip=192.168.1.42/24,gw=192.168.1.1"

  sshkeys = <<EOF
  ${var.ssh_pub}
  EOF
}

